<?xml version="1.0" encoding="UTF-8" ?>
<testsuite tests="1" failures="1" name="com.function.FunctionTest" time="1.796" errors="0" skipped="0">
  <properties>
[...]
</properties>
  <testcase classname="com.function.FunctionTest" name="com.function.FunctionTest.testHttpTriggerJava" time="1.796">
    <failure message="Name is null" type="java.lang.NullPointerException">java.lang.NullPointerException: Name is null
	at java.base/java.lang.Enum.valueOf(Enum.java:238)
	at com.function.Enum.CategoryEnumId.valueOf(CategoryEnumId.java:3)
	at com.function.repository.CouponRepositoryImpl.findCouponsWelcome(CouponRepositoryImpl.java:37)
	at com.function.Function.run(Function.java:55)
	at com.function.FunctionTest.testHttpTriggerJava(FunctionTest.java:61)
</failure>
    <system-err>set 16, 2022 2:40:18 PM com.function.Function run
INFO: Java HTTP trigger processed a request.
</system-err>
  </testcase>
</testsuite>